<?xml version="1.0" encoding="UTF-8" ?>
<testsuites>
 <testsuite name="Hello World" timestamp="2015-11-25T15:35:37" hostname="localhost" time="0.008" errors="0" tests="4" skipped="0" disabled="0" failures="0">
  <testcase classname="Hello World" name="first test..." time="0.001" />
  <testcase classname="Hello World" name="use anonymous spy" time="0.002" />
  <testcase classname="Hello World" name="say hello message to Luke Skywalker" time="0.003" />
  <testcase classname="Hello World" name="say Bye message to Luke Skywalker" time="0.001" />
 </testsuite>
</testsuites>